Handbrake Version: 20250220183715-e117cfe7f-makepkg (2025042301)
[19:06:51] gtkgui: Preset: /General/Fast 1080p30
[19:06:51] Starting work at: Sun May 18 19:06:51 2025

[19:06:51] 1 job(s) to process
[19:06:51] json job:
{
    "Audio": {
        "AudioList": [
            {
                "Bitrate": 160,
                "CompressionLevel": -1.0,
                "DRC": 0.0,
                "DitherMethod": "auto",
                "Encoder": "av_aac",
                "Gain": 0.0,
                "Mixdown": "stereo",
                "Name": "simple_aac_recording0",
                "NormalizeMixLevel": false,
                "PresetEncoder": "av_aac",
                "Quality": -3.0,
                "Samplerate": 0,
                "Track": 0
            }
        ],
        "CopyMask": [
            "copy:aac"
        ],
        "FallbackEncoder": "av_aac"
    },
    "Destination": {
        "AlignAVStart": true,
        "ChapterList": [
            {
                "Duration": {
                    "Hours": 0,
                    "Minutes": 0,
                    "Seconds": 34,
                    "Ticks": 3100500
                },
                "Name": ""
            }
        ],
        "ChapterMarkers": false,
        "File": "/home/shin/Videos/2025-05-18_18-59-17.mp4",
        "InlineParameterSets": false,
        "Mux": "m4v",
        "Options": {
            "IpodAtom": false,
            "Optimize": false
        }
    },
    "Filters": {
        "FilterList": [
            {
                "ID": 4,
                "Settings": {
                    "block-height": "16",
                    "block-thresh": "40",
                    "block-width": "16",
                    "filter-mode": "2",
                    "mode": "3",
                    "motion-thresh": "1",
                    "spatial-metric": "2",
                    "spatial-thresh": "1"
                }
            },
            {
                "ID": 6,
                "Settings": {
                    "mode": "7"
                }
            },
            {
                "ID": 11,
                "Settings": {
                    "mode": 2,
                    "rate": "27000000/900000"
                }
            },
            {
                "ID": 20,
                "Settings": {
                    "crop-bottom": 0,
                    "crop-left": 0,
                    "crop-right": 0,
                    "crop-top": 0,
                    "height": 1080,
                    "width": 1920
                }
            }
        ]
    },
    "Metadata": {},
    "PAR": {
        "Den": 1,
        "Num": 1
    },
    "SequenceID": 0,
    "Source": {
        "Angle": 0,
        "HWDecode": 0,
        "KeepDuplicateTitles": false,
        "Path": "/home/shin/Videos/Records/screencast/2025-05-18_18-59-17.mkv",
        "Range": {
            "End": 1,
            "Start": 1,
            "Type": "chapter"
        },
        "Title": 1
    },
    "Subtitle": {
        "Search": {
            "Burn": true,
            "Default": false,
            "Enable": false,
            "Forced": false
        },
        "SubtitleList": []
    },
    "Video": {
        "ChromaLocation": 1,
        "ColorInputFormat": 0,
        "ColorMatrix": 1,
        "ColorOutputFormat": 0,
        "ColorPrimaries": 1,
        "ColorRange": 1,
        "ColorTransfer": 1,
        "Encoder": "x264",
        "HardwareDecode": 0,
        "Level": "4.0",
        "MultiPass": false,
        "Options": "",
        "Preset": "fast",
        "Profile": "main",
        "QSV": {
            "AdapterIndex": 0,
            "AsyncDepth": 0,
            "Decode": false
        },
        "Quality": 22.0,
        "Tune": "",
        "Turbo": false
    }
}
[19:06:51] CPU: AMD Ryzen 5 4600H with Radeon Graphics
[19:06:51]  - logical processor count: 12
[19:06:51] Intel Quick Sync Video support: no
[19:06:51] hb_scan: path=/home/shin/Videos/Records/screencast/2025-05-18_18-59-17.mkv, title_index=1
Input #0, matroska,webm, from '/home/shin/Videos/Records/screencast/2025-05-18_18-59-17.mkv':
  Metadata:
    ENCODER         : Lavf61.7.100
  Duration: 00:00:34.45, start: 0.000000, bitrate: 830 kb/s
  Stream #0:0: Video: h264 (High), yuv420p(tv, bt709, progressive), 1920x1080 [SAR 1:1 DAR 16:9], 60 fps, 60 tbr, 1k tbn
      Metadata:
        DURATION        : 00:00:34.450000000
  Stream #0:1: Audio: aac (LC), 44100 Hz, stereo, fltp
      Metadata:
        title           : simple_aac_recording0
        DURATION        : 00:00:34.389000000
[19:06:51] scan: decoding previews for title 1
[19:06:51] scan: audio 0x1: aac, rate=44100Hz, bitrate=1 Unknown (AAC LC, 2.0 ch)
[19:06:51] using bitstream PAR 1:1
[19:06:51] scan: 10 previews, 1920x1080, 60.000 fps, autocrop = 0/0/0/0, aspect 16:9, PAR 1:1, color profile: 1-1-1, chroma location: left
[19:06:51] libhb: scan thread found 1 valid title(s)
[19:06:51] Starting Task: Encoding Pass
[19:06:51] work: skipping crop/scale filter
[19:06:51] job configuration:
[19:06:51]  * source
[19:06:51]    + /home/shin/Videos/Records/screencast/2025-05-18_18-59-17.mkv
[19:06:51]    + title 1, chapter(s) 1 to 1
[19:06:51]    + container: matroska,webm
[19:06:51]    + data rate: 830 kbps
[19:06:51]  * destination
[19:06:51]    + /home/shin/Videos/2025-05-18_18-59-17.mp4
[19:06:51]    + container: MPEG-4 (libavformat)
[19:06:51]      + align initial A/V stream timestamps
[19:06:51]  * video track
[19:06:51]    + decoder: h264 8-bit (yuv420p)
[19:06:51]    + filters
[19:06:51]      + Comb Detect (mode=3:spatial-metric=2:motion-thresh=1:spatial-thresh=1:filter-mode=2:block-thresh=40:block-width=16:block-height=16)
[19:06:51]      + Decomb (mode=39)
[19:06:51]      + Framerate Shaper (mode=2:rate=27000000/900000)
[19:06:51]        + frame rate: 60.000 fps -> peak rate limited to 30.000 fps
[19:06:51]    + Output geometry
[19:06:51]      + storage dimensions: 1920 x 1080
[19:06:51]      + pixel aspect ratio: 1 : 1
[19:06:51]      + display dimensions: 1920 x 1080
[19:06:51]    + encoder: H.264 (libx264)
[19:06:51]      + preset:  fast
[19:06:51]      + profile: main
[19:06:51]      + level:   4.0
[19:06:51]      + quality: 22.00 (RF)
[19:06:51]      + color profile: 1-1-1
[19:06:51]      + color range: tv
[19:06:51]      + chroma location: left
[19:06:51]  * audio track 1
[19:06:51]    + name: simple_aac_recording0
[19:06:51]    + decoder: Unknown (AAC LC, 2.0 ch) (track 1, id 0x1)
[19:06:51]      + samplerate: 44100 Hz
[19:06:51]    + mixdown: Stereo
[19:06:51]    + encoder: AAC (libavcodec)
[19:06:51]      + bitrate: 160 kbps, samplerate: 44100 Hz
[19:06:51] sync: expecting 2067 video frames
[19:06:51] encx264: min-keyint: 30, keyint: 300
[19:06:51] encx264: encoding at constant RF 22.000000
[19:06:51] encx264: unparsed options: level=4.0:ref=2:8x8dct=0:weightp=1:subme=6:vbv-bufsize=25000:vbv-maxrate=20000:rc-lookahead=30
x264 [info]: using SAR=1/1
x264 [info]: using cpu capabilities: MMX2 SSE2Fast SSSE3 SSE4.2 AVX FMA3 BMI2 AVX2
x264 [info]: profile Main, level 4.0, 4:2:0, 8-bit
[19:06:51] sync: first pts video is 0
[19:06:51] sync: Chapter 1 at frame 1 time 0
[19:06:51] sync: first pts audio 0x1 is 0
[19:07:06] reader: done. 1 scr changes
[19:07:07] work: average encoding speed for job is 135.154999 fps
[19:07:07] comb detect: heavy 47 | light 44 | uncombed 1973 | total 2064
[19:07:07] decomb: deinterlaced 47 | blended 44 | unfiltered 1973 | total 2064
[19:07:07] vfr: 1034 frames output, 1030 dropped and 0 duped for CFR/PFR
[19:07:07] vfr: lost time: 0 (0 frames)
[19:07:07] vfr: gained time: 0 (0 frames) (0 not accounted for)
[19:07:07] aac-decoder done: 1481 frames, 0 decoder errors
[19:07:07] h264-decoder done: 2064 frames, 0 decoder errors
[19:07:07] sync: got 2064 frames, 2067 expected
[19:07:07] sync: framerate min 15.152 fps, max 60.000 fps, avg 59.914 fps
x264 [info]: frame I:5     Avg QP:13.24  size: 84223
x264 [info]: frame P:319   Avg QP:18.15  size:  7633
x264 [info]: frame B:710   Avg QP:19.43  size:   718
x264 [info]: consecutive B-frames:  5.7%  6.6%  4.9% 82.8%
x264 [info]: mb I  I16..4: 74.8%  0.0% 25.2%
x264 [info]: mb P  I16..4:  7.0%  0.0%  1.6%  P16..4:  4.6%  0.8%  0.4%  0.0%  0.0%    skip:85.5%
x264 [info]: mb B  I16..4:  0.5%  0.0%  0.0%  B16..8:  1.8%  0.3%  0.0%  direct: 0.7%  skip:96.7%  L0:42.0% L1:53.8% BI: 4.2%
x264 [info]: coded y,uvDC,uvAC intra: 15.4% 19.2% 8.5% inter: 0.6% 1.2% 0.1%
x264 [info]: i16 v,h,dc,p: 55% 40%  3%  2%
x264 [info]: i4 v,h,dc,ddl,ddr,vr,hd,vl,hu: 29% 32% 19%  3%  4%  3%  3%  3%  3%
x264 [info]: i8c dc,h,v,p: 61% 25% 12%  1%
x264 [info]: Weighted P-Frames: Y:0.0% UV:0.0%
x264 [info]: ref P L0: 83.3% 16.7%
x264 [info]: ref B L0: 86.5% 13.5%
x264 [info]: ref B L1: 94.3%  5.7%
x264 [info]: kb/s:781.23
[19:07:07] mux: track 0, 1034 frames, 3365595 bytes, 780.43 kbps, fifo 2048
[19:07:07] mux: track 1, 1482 frames, 695192 bytes, 161.20 kbps, fifo 2048
[19:07:07] Finished work at: Sun May 18 19:07:07 2025

[19:07:07] libhb: work result = 0
