Handbrake Version: 20250220183715-e117cfe7f-makepkg (2025042301)
[22:00:06] gtkgui: Preset: /General/Fast 1080p30
[22:00:06] Starting work at: Fri May  9 22:00:06 2025

[22:00:06] 1 job(s) to process
[22:00:06] json job:
{
    "Audio": {
        "AudioList": [
            {
                "Bitrate": 160,
                "CompressionLevel": -1.0,
                "DRC": 0.0,
                "DitherMethod": "auto",
                "Encoder": "av_aac",
                "Gain": 0.0,
                "Mixdown": "stereo",
                "Name": "simple_aac_recording0",
                "NormalizeMixLevel": false,
                "PresetEncoder": "av_aac",
                "Quality": -3.0,
                "Samplerate": 0,
                "Track": 0
            }
        ],
        "CopyMask": [
            "copy:aac"
        ],
        "FallbackEncoder": "av_aac"
    },
    "Destination": {
        "AlignAVStart": true,
        "ChapterList": [
            {
                "Duration": {
                    "Hours": 0,
                    "Minutes": 0,
                    "Seconds": 18,
                    "Ticks": 1648530
                },
                "Name": ""
            }
        ],
        "ChapterMarkers": false,
        "File": "/home/shin/Videos/2025-05-09_21-59-01.mp4",
        "InlineParameterSets": false,
        "Mux": "m4v",
        "Options": {
            "IpodAtom": false,
            "Optimize": false
        }
    },
    "Filters": {
        "FilterList": [
            {
                "ID": 4,
                "Settings": {
                    "block-height": "16",
                    "block-thresh": "40",
                    "block-width": "16",
                    "filter-mode": "2",
                    "mode": "3",
                    "motion-thresh": "1",
                    "spatial-metric": "2",
                    "spatial-thresh": "1"
                }
            },
            {
                "ID": 6,
                "Settings": {
                    "mode": "7"
                }
            },
            {
                "ID": 11,
                "Settings": {
                    "mode": 2,
                    "rate": "27000000/900000"
                }
            },
            {
                "ID": 20,
                "Settings": {
                    "crop-bottom": 2,
                    "crop-left": 0,
                    "crop-right": 0,
                    "crop-top": 4,
                    "height": 1074,
                    "width": 1920
                }
            }
        ]
    },
    "Metadata": {},
    "PAR": {
        "Den": 1,
        "Num": 1
    },
    "SequenceID": 0,
    "Source": {
        "Angle": 0,
        "HWDecode": 0,
        "KeepDuplicateTitles": false,
        "Path": "/home/shin/Videos/Records/screencast/2025-05-09_21-59-01.mkv",
        "Range": {
            "End": 1,
            "Start": 1,
            "Type": "chapter"
        },
        "Title": 1
    },
    "Subtitle": {
        "Search": {
            "Burn": true,
            "Default": false,
            "Enable": false,
            "Forced": false
        },
        "SubtitleList": []
    },
    "Video": {
        "ChromaLocation": 1,
        "ColorInputFormat": 0,
        "ColorMatrix": 1,
        "ColorOutputFormat": 0,
        "ColorPrimaries": 1,
        "ColorRange": 1,
        "ColorTransfer": 1,
        "Encoder": "x264",
        "HardwareDecode": 0,
        "Level": "4.0",
        "MultiPass": false,
        "Options": "",
        "Preset": "fast",
        "Profile": "main",
        "QSV": {
            "AdapterIndex": 0,
            "AsyncDepth": 0,
            "Decode": false
        },
        "Quality": 22.0,
        "Tune": "",
        "Turbo": false
    }
}
[22:00:06] CPU: AMD Ryzen 5 4600H with Radeon Graphics
[22:00:06]  - logical processor count: 12
[22:00:06] Intel Quick Sync Video support: no
[22:00:06] hb_scan: path=/home/shin/Videos/Records/screencast/2025-05-09_21-59-01.mkv, title_index=1
Input #0, matroska,webm, from '/home/shin/Videos/Records/screencast/2025-05-09_21-59-01.mkv':
  Metadata:
    ENCODER         : Lavf61.7.100
  Duration: 00:00:18.32, start: 0.000000, bitrate: 1126 kb/s
  Stream #0:0: Video: h264 (High), yuv420p(tv, bt709, progressive), 1920x1080 [SAR 1:1 DAR 16:9], 60 fps, 60 tbr, 1k tbn
      Metadata:
        DURATION        : 00:00:18.317000000
  Stream #0:1: Audio: aac (LC), 44100 Hz, stereo, fltp
      Metadata:
        title           : simple_aac_recording0
        DURATION        : 00:00:18.251000000
[22:00:06] scan: decoding previews for title 1
[22:00:06] scan: audio 0x1: aac, rate=44100Hz, bitrate=1 Unknown (AAC LC, 2.0 ch)
[22:00:06] using bitstream PAR 1:1
[22:00:06] scan: 10 previews, 1920x1080, 60.000 fps, autocrop = 4/2/0/0, aspect 16:9, PAR 1:1, color profile: 1-1-1, chroma location: left
[22:00:06] libhb: scan thread found 1 valid title(s)
[22:00:06] Starting Task: Encoding Pass
[22:00:06] job configuration:
[22:00:06]  * source
[22:00:06]    + /home/shin/Videos/Records/screencast/2025-05-09_21-59-01.mkv
[22:00:06]    + title 1, chapter(s) 1 to 1
[22:00:06]    + container: matroska,webm
[22:00:06]    + data rate: 1126 kbps
[22:00:06]  * destination
[22:00:06]    + /home/shin/Videos/2025-05-09_21-59-01.mp4
[22:00:06]    + container: MPEG-4 (libavformat)
[22:00:06]      + align initial A/V stream timestamps
[22:00:06]  * video track
[22:00:06]    + decoder: h264 8-bit (yuv420p)
[22:00:06]    + filters
[22:00:06]      + Comb Detect (mode=3:spatial-metric=2:motion-thresh=1:spatial-thresh=1:filter-mode=2:block-thresh=40:block-width=16:block-height=16)
[22:00:06]      + Decomb (mode=39)
[22:00:06]      + Framerate Shaper (mode=2:rate=27000000/900000)
[22:00:06]        + frame rate: 60.000 fps -> peak rate limited to 30.000 fps
[22:00:06]      + Crop and Scale (width=1920:height=1074:crop-top=4:crop-bottom=2:crop-left=0:crop-right=0)
[22:00:06]        + source: 1920 * 1080, crop (4/2/0/0): 1920 * 1074, scale: 1920 * 1074
[22:00:06]    + Output geometry
[22:00:06]      + storage dimensions: 1920 x 1074
[22:00:06]      + pixel aspect ratio: 1 : 1
[22:00:06]      + display dimensions: 1920 x 1074
[22:00:06]    + encoder: H.264 (libx264)
[22:00:06]      + preset:  fast
[22:00:06]      + profile: main
[22:00:06]      + level:   4.0
[22:00:06]      + quality: 22.00 (RF)
[22:00:06]      + color profile: 1-1-1
[22:00:06]      + color range: tv
[22:00:06]      + chroma location: left
[22:00:06]  * audio track 1
[22:00:06]    + name: simple_aac_recording0
[22:00:06]    + decoder: Unknown (AAC LC, 2.0 ch) (track 1, id 0x1)
[22:00:06]      + samplerate: 44100 Hz
[22:00:06]    + mixdown: Stereo
[22:00:06]    + encoder: AAC (libavcodec)
[22:00:06]      + bitrate: 160 kbps, samplerate: 44100 Hz
[22:00:06] sync: expecting 1099 video frames
[22:00:06] encx264: min-keyint: 30, keyint: 300
[22:00:06] encx264: encoding at constant RF 22.000000
[22:00:06] encx264: unparsed options: level=4.0:ref=2:8x8dct=0:weightp=1:subme=6:vbv-bufsize=25000:vbv-maxrate=20000:rc-lookahead=30
x264 [info]: using SAR=1/1
x264 [info]: using cpu capabilities: MMX2 SSE2Fast SSSE3 SSE4.2 AVX FMA3 BMI2 AVX2
x264 [info]: profile Main, level 4.0, 4:2:0, 8-bit
[22:00:06] sync: first pts video is 0
[22:00:06] sync: Chapter 1 at frame 1 time 0
[22:00:06] sync: first pts audio 0x1 is 0
[22:00:20] reader: done. 1 scr changes
[22:00:21] work: average encoding speed for job is 76.680756 fps
[22:00:21] comb detect: heavy 9 | light 32 | uncombed 1056 | total 1097
[22:00:21] decomb: deinterlaced 9 | blended 32 | unfiltered 1056 | total 1097
[22:00:21] vfr: 550 frames output, 547 dropped and 0 duped for CFR/PFR
[22:00:21] vfr: lost time: 0 (0 frames)
[22:00:21] vfr: gained time: 0 (0 frames) (0 not accounted for)
[22:00:21] aac-decoder done: 786 frames, 0 decoder errors
[22:00:21] h264-decoder done: 1097 frames, 0 decoder errors
[22:00:21] sync: got 1097 frames, 1099 expected
[22:00:21] sync: framerate min 29.412 fps, max 60.000 fps, avg 59.890 fps
x264 [info]: frame I:3     Avg QP:14.41  size:101809
x264 [info]: frame P:159   Avg QP:19.85  size: 12155
x264 [info]: frame B:388   Avg QP:21.93  size:  1633
x264 [info]: consecutive B-frames:  3.6%  4.0%  8.7% 83.6%
x264 [info]: mb I  I16..4: 68.4%  0.0% 31.6%
x264 [info]: mb P  I16..4:  5.0%  0.0%  2.0%  P16..4:  9.1%  2.6%  1.1%  0.0%  0.0%    skip:80.1%
x264 [info]: mb B  I16..4:  0.8%  0.0%  0.0%  B16..8:  4.9%  1.0%  0.0%  direct: 0.8%  skip:92.4%  L0:50.3% L1:45.9% BI: 3.9%
x264 [info]: coded y,uvDC,uvAC intra: 22.2% 26.7% 12.0% inter: 1.2% 2.0% 0.3%
x264 [info]: i16 v,h,dc,p: 48% 44%  5%  4%
x264 [info]: i4 v,h,dc,ddl,ddr,vr,hd,vl,hu: 36% 33% 16%  2%  2%  2%  3%  2%  3%
x264 [info]: i8c dc,h,v,p: 56% 28% 14%  1%
x264 [info]: Weighted P-Frames: Y:0.0% UV:0.0%
x264 [info]: ref P L0: 75.2% 24.8%
x264 [info]: ref B L0: 82.9% 17.1%
x264 [info]: ref B L1: 94.8%  5.2%
x264 [info]: kb/s:1253.05
[22:00:21] mux: track 0, 550 frames, 2871498 bytes, 1250.74 kbps, fifo 1024
[22:00:21] mux: track 1, 787 frames, 4790 bytes, 2.09 kbps, fifo 1024
[22:00:21] Finished work at: Fri May  9 22:00:21 2025

[22:00:21] libhb: work result = 0
