Handbrake Version: 20250220183715-e117cfe7f-makepkg (2025042301)
[00:05:37] gtkgui: Preset: /General/Fast 1080p30
[00:05:37] Starting work at: Sun May 11 00:05:37 2025

[00:05:37] 1 job(s) to process
[00:05:37] json job:
{
    "Audio": {
        "AudioList": [],
        "CopyMask": [],
        "FallbackEncoder": 0
    },
    "Destination": {
        "AlignAVStart": true,
        "ChapterList": [
            {
                "Duration": {
                    "Hours": 0,
                    "Minutes": 0,
                    "Seconds": 14,
                    "Ticks": 1261261
                },
                "Name": ""
            }
        ],
        "ChapterMarkers": false,
        "File": "/home/shin/Videos/show1.mp4",
        "InlineParameterSets": false,
        "Mux": "m4v",
        "Options": {
            "IpodAtom": false,
            "Optimize": false
        }
    },
    "Filters": {
        "FilterList": [
            {
                "ID": 4,
                "Settings": {
                    "block-height": "16",
                    "block-thresh": "40",
                    "block-width": "16",
                    "filter-mode": "2",
                    "mode": "3",
                    "motion-thresh": "1",
                    "spatial-metric": "2",
                    "spatial-thresh": "1"
                }
            },
            {
                "ID": 6,
                "Settings": {
                    "mode": "7"
                }
            },
            {
                "ID": 11,
                "Settings": {
                    "mode": 2,
                    "rate": "27000000/900000"
                }
            },
            {
                "ID": 20,
                "Settings": {
                    "crop-bottom": 8,
                    "crop-left": 0,
                    "crop-right": 0,
                    "crop-top": 0,
                    "height": 532,
                    "width": 960
                }
            }
        ]
    },
    "Metadata": {},
    "PAR": {
        "Den": 1,
        "Num": 1
    },
    "SequenceID": 0,
    "Source": {
        "Angle": 0,
        "HWDecode": 0,
        "KeepDuplicateTitles": false,
        "Path": "/media/Sections/Graphics/Project/show1.avi",
        "Range": {
            "End": 1,
            "Start": 1,
            "Type": "chapter"
        },
        "Title": 1
    },
    "Subtitle": {
        "Search": {
            "Burn": true,
            "Default": false,
            "Enable": false,
            "Forced": false
        },
        "SubtitleList": []
    },
    "Video": {
        "ChromaLocation": 0,
        "ColorInputFormat": 0,
        "ColorMatrix": 6,
        "ColorOutputFormat": 0,
        "ColorPrimaries": 6,
        "ColorRange": 1,
        "ColorTransfer": 1,
        "Encoder": "x264",
        "HardwareDecode": 0,
        "Level": "4.0",
        "MultiPass": false,
        "Options": "",
        "Preset": "fast",
        "Profile": "main",
        "QSV": {
            "AdapterIndex": 0,
            "AsyncDepth": 0,
            "Decode": false
        },
        "Quality": 22.0,
        "Tune": "",
        "Turbo": false
    }
}
[00:05:37] CPU: AMD Ryzen 5 4600H with Radeon Graphics
[00:05:37]  - logical processor count: 12
[00:05:37] Intel Quick Sync Video support: no
[00:05:37] hb_scan: path=/media/Sections/Graphics/Project/show1.avi, title_index=1
Input #0, avi, from '/media/Sections/Graphics/Project/show1.avi':
  Duration: 00:00:14.01, start: 0.000000, bitrate: 497173 kb/s
  Stream #0:0: Video: rawvideo, bgra, 960x540, 498352 kb/s, 29.97 fps, 29.97 tbr, 29.97 tbn
[00:05:37] scan: decoding previews for title 1
[00:05:37] scan: 10 previews, 960x540, 29.970 fps, autocrop = 0/8/0/0, aspect 16:9, PAR 1:1, color profile: 6-1-6, chroma location: unspecified
[00:05:37] libhb: scan thread found 1 valid title(s)
[00:05:37] Starting Task: Encoding Pass
[00:05:37] job configuration:
[00:05:37]  * source
[00:05:37]    + /media/Sections/Graphics/Project/show1.avi
[00:05:37]    + title 1, chapter(s) 1 to 1
[00:05:37]    + container: avi
[00:05:37]    + data rate: 497173 kbps
[00:05:37]  * destination
[00:05:37]    + /home/shin/Videos/show1.mp4
[00:05:37]    + container: MPEG-4 (libavformat)
[00:05:37]      + align initial A/V stream timestamps
[00:05:37]  * video track
[00:05:37]    + decoder: rawvideo 8-bit (yuv444p)
[00:05:37]      + bitrate 498352 kbps
[00:05:37]    + filters
[00:05:37]      + Comb Detect (mode=3:spatial-metric=2:motion-thresh=1:spatial-thresh=1:filter-mode=2:block-thresh=40:block-width=16:block-height=16)
[00:05:37]      + Decomb (mode=39)
[00:05:37]      + Framerate Shaper (mode=2:rate=27000000/900000)
[00:05:37]        + frame rate: 29.970 fps -> peak rate limited to 30.000 fps
[00:05:37]      + Crop and Scale (width=960:height=532:crop-top=0:crop-bottom=8:crop-left=0:crop-right=0)
[00:05:37]        + source: 960 * 540, crop (0/8/0/0): 960 * 532, scale: 960 * 532
[00:05:37]      + Format (format=yuv420p)
[00:05:37]    + Output geometry
[00:05:37]      + storage dimensions: 960 x 532
[00:05:37]      + pixel aspect ratio: 1 : 1
[00:05:37]      + display dimensions: 960 x 532
[00:05:37]    + encoder: H.264 (libx264)
[00:05:37]      + preset:  fast
[00:05:37]      + profile: main
[00:05:37]      + level:   4.0
[00:05:37]      + quality: 22.00 (RF)
[00:05:37]      + color profile: 6-1-6
[00:05:37]      + color range: tv
[00:05:37]      + chroma location: unspecified
[00:05:37] sync: expecting 420 video frames
[00:05:37] encx264: min-keyint: 30, keyint: 300
[00:05:37] encx264: encoding at constant RF 22.000000
[00:05:37] encx264: unparsed options: level=4.0:ref=2:8x8dct=0:weightp=1:subme=6:vbv-bufsize=25000:vbv-maxrate=20000:rc-lookahead=30
x264 [info]: using SAR=1/1
x264 [info]: using cpu capabilities: MMX2 SSE2Fast SSSE3 SSE4.2 AVX FMA3 BMI2 AVX2
x264 [info]: profile Main, level 4.0, 4:2:0, 8-bit
[00:05:37] sync: first pts video is 0
[00:05:37] sync: Chapter 1 at frame 1 time 0
[00:05:39] reader: done. 1 scr changes
[00:05:39] work: average encoding speed for job is 0.000000 fps
[00:05:39] comb detect: heavy 17 | light 12 | uncombed 391 | total 420
[00:05:39] decomb: deinterlaced 17 | blended 12 | unfiltered 391 | total 420
[00:05:39] vfr: 420 frames output, 0 dropped and 0 duped for CFR/PFR
[00:05:39] vfr: lost time: 0 (0 frames)
[00:05:39] vfr: gained time: 0 (0 frames) (0 not accounted for)
[00:05:39] rawvideo-decoder done: 420 frames, 0 decoder errors
[00:05:39] sync: got 420 frames, 420 expected
[00:05:39] sync: framerate min 29.970 fps, max 29.970 fps, avg 29.970 fps
x264 [info]: frame I:4     Avg QP:16.44  size: 37404
x264 [info]: frame P:105   Avg QP:19.99  size:  1708
x264 [info]: frame B:311   Avg QP:22.63  size:   392
x264 [info]: consecutive B-frames:  1.0%  0.0%  2.9% 96.2%
x264 [info]: mb I  I16..4: 60.8%  0.0% 39.2%
x264 [info]: mb P  I16..4:  0.8%  0.0%  0.1%  P16..4:  7.5%  2.2%  1.7%  0.0%  0.0%    skip:87.8%
x264 [info]: mb B  I16..4:  0.3%  0.0%  0.1%  B16..8:  3.0%  0.6%  0.1%  direct: 1.0%  skip:94.9%  L0:44.9% L1:48.9% BI: 6.2%
x264 [info]: coded y,uvDC,uvAC intra: 25.8% 28.6% 19.6% inter: 0.8% 2.3% 1.1%
x264 [info]: i16 v,h,dc,p: 51% 44%  3%  2%
x264 [info]: i4 v,h,dc,ddl,ddr,vr,hd,vl,hu: 22% 25% 19%  7%  7%  5%  5%  4%  5%
x264 [info]: i8c dc,h,v,p: 69% 20%  8%  3%
x264 [info]: Weighted P-Frames: Y:0.0% UV:0.0%
x264 [info]: ref P L0: 72.5% 27.5%
x264 [info]: ref B L0: 73.4% 26.6%
x264 [info]: ref B L1: 89.3% 10.7%
x264 [info]: kb/s:257.41
[00:05:39] mux: track 0, 420 frames, 450746 bytes, 256.70 kbps, fifo 512
[00:05:39] Finished work at: Sun May 11 00:05:39 2025

[00:05:39] libhb: work result = 0
